<?xml version="1.0" encoding="UTF-8"?>
<coverage line-rate="0.75" branch-rate="0" version="fixture">
  <packages>
    <package name="dvs">
      <classes>
        <class name="Domain" filename="src/domain/src/Module.cpp">
          <lines>
            <line number="1" hits="1"/>
            <line number="2" hits="1"/>
            <line number="3" hits="1"/>
            <line number="4" hits="0"/>
          </lines>
        </class>
        <class name="Application" filename="src/application/src/Module.cpp">
          <lines>
            <line number="1" hits="2"/>
            <line number="2" hits="1"/>
          </lines>
        </class>
        <class name="IgnoredTest" filename="tests/unit/domain/ExampleTests.cpp">
          <lines>
            <line number="1" hits="0"/>
          </lines>
        </class>
      </classes>
    </package>
  </packages>
</coverage>
